<?xml version="1.0" encoding="UTF-8"?>
<testng-results skipped="0" failed="0" ignored="0" total="2" passed="2">
  <reporter-output>
  </reporter-output>
  <suite name="Lambda Tunnel Setup" duration-ms="18215" started-at="2019-12-06T11:35:04Z" finished-at="2019-12-06T11:35:22Z">
    <groups>
    </groups>
    <test name="Sample Test Two" duration-ms="17186" started-at="2019-12-06T11:35:04Z" finished-at="2019-12-06T11:35:21Z">
      <class name="Tunnel_setup.Java_Lambda_Tunnel_Setup.SampleTest">
        <test-method status="PASS" signature="setUp()[pri:0, instance:Tunnel_setup.Java_Lambda_Tunnel_Setup.SampleTest@275710fc]" name="setUp" is-config="true" duration-ms="9121" started-at="2019-12-06T17:05:04Z" finished-at="2019-12-06T17:05:13Z">
          <reporter-output>
          </reporter-output>
        </test-method> <!-- setUp -->
        <test-method status="PASS" signature="testSimple()[pri:0, instance:Tunnel_setup.Java_Lambda_Tunnel_Setup.SampleTest@275710fc]" name="testSimple" duration-ms="5820" started-at="2019-12-06T17:05:13Z" finished-at="2019-12-06T17:05:19Z">
          <reporter-output>
          </reporter-output>
        </test-method> <!-- testSimple -->
        <test-method status="PASS" signature="tearDown()[pri:0, instance:Tunnel_setup.Java_Lambda_Tunnel_Setup.SampleTest@275710fc]" name="tearDown" is-config="true" duration-ms="2227" started-at="2019-12-06T17:05:19Z" finished-at="2019-12-06T17:05:21Z">
          <reporter-output>
          </reporter-output>
        </test-method> <!-- tearDown -->
      </class> <!-- Tunnel_setup.Java_Lambda_Tunnel_Setup.SampleTest -->
    </test> <!-- Sample Test Two -->
    <test name="Sample Test One" duration-ms="18215" started-at="2019-12-06T11:35:04Z" finished-at="2019-12-06T11:35:22Z">
      <class name="Tunnel_setup.Java_Lambda_Tunnel_Setup.SampleTest">
        <test-method status="PASS" signature="setUp()[pri:0, instance:Tunnel_setup.Java_Lambda_Tunnel_Setup.SampleTest@c540f5a]" name="setUp" is-config="true" duration-ms="10531" started-at="2019-12-06T17:05:04Z" finished-at="2019-12-06T17:05:14Z">
          <reporter-output>
          </reporter-output>
        </test-method> <!-- setUp -->
        <test-method status="PASS" signature="testSimple()[pri:0, instance:Tunnel_setup.Java_Lambda_Tunnel_Setup.SampleTest@c540f5a]" name="testSimple" duration-ms="5571" started-at="2019-12-06T17:05:14Z" finished-at="2019-12-06T17:05:20Z">
          <reporter-output>
          </reporter-output>
        </test-method> <!-- testSimple -->
        <test-method status="PASS" signature="tearDown()[pri:0, instance:Tunnel_setup.Java_Lambda_Tunnel_Setup.SampleTest@c540f5a]" name="tearDown" is-config="true" duration-ms="2102" started-at="2019-12-06T17:05:20Z" finished-at="2019-12-06T17:05:22Z">
          <reporter-output>
          </reporter-output>
        </test-method> <!-- tearDown -->
      </class> <!-- Tunnel_setup.Java_Lambda_Tunnel_Setup.SampleTest -->
    </test> <!-- Sample Test One -->
  </suite> <!-- Lambda Tunnel Setup -->
</testng-results>
